<?xml version="1.0" encoding="UTF-8"?>
<testsuite name="com.softcell.adminservice.integration.OrganizationControllerIntegrationTest" time="1.195" tests="1" errors="1" skipped="0" failures="0">
  <properties>
[...]
</properties>
  <testcase name="testUpdateOrganization" classname="com.softcell.adminservice.integration.OrganizationControllerIntegrationTest" time="1.195">
    <error message="I/O error on GET request for &quot;http://localhost:8080/admin/org/1&quot;: Connection refused: connect; nested exception is java.net.ConnectException: Connection refused: connect" type="org.springframework.web.client.ResourceAccessException"><![CDATA[org.springframework.web.client.ResourceAccessException: I/O error on GET request for "http://localhost:8080/admin/org/1": Connection refused: connect; nested exception is java.net.ConnectException: Connection refused: connect
	at java.net.DualStackPlainSocketImpl.connect0(Native Method)
	at java.net.DualStackPlainSocketImpl.socketConnect(DualStackPlainSocketImpl.java:79)
	at java.net.AbstractPlainSocketImpl.doConnect(AbstractPlainSocketImpl.java:350)
	at java.net.AbstractPlainSocketImpl.connectToAddress(AbstractPlainSocketImpl.java:206)
	at java.net.AbstractPlainSocketImpl.connect(AbstractPlainSocketImpl.java:188)
	at java.net.PlainSocketImpl.connect(PlainSocketImpl.java:172)
	at java.net.SocksSocketImpl.connect(SocksSocketImpl.java:392)
	at java.net.Socket.connect(Socket.java:589)
	at java.net.Socket.connect(Socket.java:538)
	at sun.net.NetworkClient.doConnect(NetworkClient.java:180)
	at sun.net.www.http.HttpClient.openServer(HttpClient.java:432)
	at sun.net.www.http.HttpClient.openServer(HttpClient.java:527)
	at sun.net.www.http.HttpClient.<init>(HttpClient.java:211)
	at sun.net.www.http.HttpClient.New(HttpClient.java:308)
	at sun.net.www.http.HttpClient.New(HttpClient.java:326)
	at sun.net.www.protocol.http.HttpURLConnection.getNewHttpClient(HttpURLConnection.java:1168)
	at sun.net.www.protocol.http.HttpURLConnection.plainConnect0(HttpURLConnection.java:1104)
	at sun.net.www.protocol.http.HttpURLConnection.plainConnect(HttpURLConnection.java:998)
	at sun.net.www.protocol.http.HttpURLConnection.connect(HttpURLConnection.java:932)
	at org.springframework.http.client.SimpleBufferingClientHttpRequest.executeInternal(SimpleBufferingClientHttpRequest.java:78)
	at org.springframework.http.client.AbstractBufferingClientHttpRequest.executeInternal(AbstractBufferingClientHttpRequest.java:48)
	at org.springframework.http.client.AbstractClientHttpRequest.execute(AbstractClientHttpRequest.java:53)
	at org.springframework.web.client.RestTemplate.doExecute(RestTemplate.java:652)
	at org.springframework.web.client.RestTemplate.execute(RestTemplate.java:613)
	at org.springframework.web.client.RestTemplate.getForObject(RestTemplate.java:287)
	at org.springframework.boot.test.web.client.TestRestTemplate.getForObject(TestRestTemplate.java:188)
	at com.softcell.adminservice.integration.OrganizationControllerIntegrationTest.testUpdateOrganization(OrganizationControllerIntegrationTest.java:69)
]]></error>
    <system-out><![CDATA[2017-03-07 16:00:52.550  INFO 16756 --- [           main] .b.t.c.SpringBootTestContextBootstrapper : Neither @ContextConfiguration nor @ContextHierarchy found for test class [com.softcell.adminservice.integration.OrganizationControllerIntegrationTest], using SpringBootContextLoader
2017-03-07 16:00:52.552  INFO 16756 --- [           main] o.s.t.c.support.AbstractContextLoader    : Could not detect default resource locations for test class [com.softcell.adminservice.integration.OrganizationControllerIntegrationTest]: no resource found for suffixes {-context.xml, Context.groovy}.
2017-03-07 16:00:52.552  INFO 16756 --- [           main] t.c.s.AnnotationConfigContextLoaderUtils : Could not detect default configuration classes for test class [com.softcell.adminservice.integration.OrganizationControllerIntegrationTest]: OrganizationControllerIntegrationTest does not declare any static, non-private, non-final, nested classes annotated with @Configuration.
2017-03-07 16:00:52.558  INFO 16756 --- [           main] .b.t.c.SpringBootTestContextBootstrapper : Found @SpringBootConfiguration com.softcell.adminservice.StartAdminService for test class com.softcell.adminservice.integration.OrganizationControllerIntegrationTest
2017-03-07 16:00:52.563  INFO 16756 --- [           main] .b.t.c.SpringBootTestContextBootstrapper : Loaded default TestExecutionListener class names from location [META-INF/spring.factories]: [org.springframework.boot.test.mock.mockito.MockitoTestExecutionListener, org.springframework.boot.test.mock.mockito.ResetMocksTestExecutionListener, org.springframework.boot.test.autoconfigure.restdocs.RestDocsTestExecutionListener, org.springframework.boot.test.autoconfigure.web.client.MockRestServiceServerResetTestExecutionListener, org.springframework.boot.test.autoconfigure.web.servlet.MockMvcPrintOnlyOnFailureTestExecutionListener, org.springframework.boot.test.autoconfigure.web.servlet.WebDriverTestExecutionListener, org.springframework.test.context.web.ServletTestExecutionListener, org.springframework.test.context.support.DirtiesContextBeforeModesTestExecutionListener, org.springframework.test.context.support.DependencyInjectionTestExecutionListener, org.springframework.test.context.support.DirtiesContextTestExecutionListener, org.springframework.test.context.transaction.TransactionalTestExecutionListener, org.springframework.test.context.jdbc.SqlScriptsTestExecutionListener]
2017-03-07 16:00:52.566  INFO 16756 --- [           main] .b.t.c.SpringBootTestContextBootstrapper : Using TestExecutionListeners: [org.springframework.test.context.web.ServletTestExecutionListener@1c504e66, org.springframework.test.context.support.DirtiesContextBeforeModesTestExecutionListener@345cf395, org.springframework.boot.test.autoconfigure.SpringBootDependencyInjectionTestExecutionListener@bc4d5e1, org.springframework.test.context.support.DirtiesContextTestExecutionListener@3c6aa04a, org.springframework.test.context.transaction.TransactionalTestExecutionListener@2257fadf, org.springframework.test.context.jdbc.SqlScriptsTestExecutionListener@7144655b, org.springframework.boot.test.mock.mockito.MockitoTestExecutionListener@5c82cd4f, org.springframework.boot.test.mock.mockito.ResetMocksTestExecutionListener@35835e65, org.springframework.boot.test.autoconfigure.restdocs.RestDocsTestExecutionListener@289fdb08, org.springframework.boot.test.autoconfigure.web.servlet.MockMvcPrintOnlyOnFailureTestExecutionListener@7a231dfd, org.springframework.boot.test.autoconfigure.web.client.MockRestServiceServerResetTestExecutionListener@30814f43, org.springframework.boot.test.autoconfigure.web.servlet.WebDriverTestExecutionListener@1fde4f40]

  .   ____          _            __ _ _
 /\\ / ___'_ __ _ _(_)_ __  __ _ \ \ \ \
( ( )\___ | '_ | '_| | '_ \/ _` | \ \ \ \
 \\/  ___)| |_)| | | | | || (_| |  ) ) ) )
  '  |____| .__|_| |_|_| |_\__, | / / / /
 =========|_|==============|___/=/_/_/_/
 :: Spring Boot ::        (v1.5.1.RELEASE)

2017-03-07 16:00:52.659  INFO 16756 --- [           main] .i.OrganizationControllerIntegrationTest : Starting OrganizationControllerIntegrationTest on Yogita-PC with PID 16756 (started by Yogita in C:\Users\Yogita\git\admin-service\admin-service)
2017-03-07 16:00:52.659  INFO 16756 --- [           main] .i.OrganizationControllerIntegrationTest : No active profile set, falling back to default profiles: default
2017-03-07 16:00:52.662  INFO 16756 --- [           main] ationConfigEmbeddedWebApplicationContext : Refreshing org.springframework.boot.context.embedded.AnnotationConfigEmbeddedWebApplicationContext@7c1812b3: startup date [Tue Mar 07 16:00:52 IST 2017]; root of context hierarchy
2017-03-07 16:00:53.413  INFO 16756 --- [           main] trationDelegate$BeanPostProcessorChecker : Bean 'org.springframework.boot.autoconfigure.validation.ValidationAutoConfiguration' of type [class org.springframework.boot.autoconfigure.validation.ValidationAutoConfiguration] is not eligible for getting processed by all BeanPostProcessors (for example: not eligible for auto-proxying)
2017-03-07 16:00:53.424  INFO 16756 --- [           main] trationDelegate$BeanPostProcessorChecker : Bean 'validator' of type [class org.springframework.validation.beanvalidation.LocalValidatorFactoryBean] is not eligible for getting processed by all BeanPostProcessors (for example: not eligible for auto-proxying)
2017-03-07 16:00:53.440  INFO 16756 --- [           main] trationDelegate$BeanPostProcessorChecker : Bean 'org.springframework.transaction.annotation.ProxyTransactionManagementConfiguration' of type [class org.springframework.transaction.annotation.ProxyTransactionManagementConfiguration$$EnhancerBySpringCGLIB$$27752c31] is not eligible for getting processed by all BeanPostProcessors (for example: not eligible for auto-proxying)
2017-03-07 16:00:53.851  INFO 16756 --- [           main] s.b.c.e.t.TomcatEmbeddedServletContainer : Tomcat initialized with port(s): 0 (http)
2017-03-07 16:00:53.867  INFO 16756 --- [           main] o.apache.catalina.core.StandardService   : Starting service Tomcat
2017-03-07 16:00:53.869  INFO 16756 --- [           main] org.apache.catalina.core.StandardEngine  : Starting Servlet Engine: Apache Tomcat/8.5.11
2017-03-07 16:00:54.007  INFO 16756 --- [ost-startStop-1] o.a.c.c.C.[Tomcat].[localhost].[/]       : Initializing Spring embedded WebApplicationContext
2017-03-07 16:00:54.007  INFO 16756 --- [ost-startStop-1] o.s.web.context.ContextLoader            : Root WebApplicationContext: initialization completed in 1345 ms
2017-03-07 16:00:54.180  INFO 16756 --- [ost-startStop-1] o.s.b.w.servlet.ServletRegistrationBean  : Mapping servlet: 'dispatcherServlet' to [/]
2017-03-07 16:00:54.189  INFO 16756 --- [ost-startStop-1] o.s.b.w.servlet.FilterRegistrationBean   : Mapping filter: 'characterEncodingFilter' to: [/*]
2017-03-07 16:00:54.191  INFO 16756 --- [ost-startStop-1] o.s.b.w.servlet.FilterRegistrationBean   : Mapping filter: 'hiddenHttpMethodFilter' to: [/*]
2017-03-07 16:00:54.192  INFO 16756 --- [ost-startStop-1] o.s.b.w.servlet.FilterRegistrationBean   : Mapping filter: 'httpPutFormContentFilter' to: [/*]
2017-03-07 16:00:54.193  INFO 16756 --- [ost-startStop-1] o.s.b.w.servlet.FilterRegistrationBean   : Mapping filter: 'requestContextFilter' to: [/*]
2017-03-07 16:00:55.207  INFO 16756 --- [           main] j.LocalContainerEntityManagerFactoryBean : Building JPA container EntityManagerFactory for persistence unit 'default'
2017-03-07 16:00:55.235  INFO 16756 --- [           main] o.hibernate.jpa.internal.util.LogHelper  : HHH000204: Processing PersistenceUnitInfo [
	name: default
	...]
2017-03-07 16:00:55.329  INFO 16756 --- [           main] org.hibernate.Version                    : HHH000412: Hibernate Core {5.0.11.Final}
2017-03-07 16:00:55.330  INFO 16756 --- [           main] org.hibernate.cfg.Environment            : HHH000206: hibernate.properties not found
2017-03-07 16:00:55.332  INFO 16756 --- [           main] org.hibernate.cfg.Environment            : HHH000021: Bytecode provider name : javassist
2017-03-07 16:00:55.390  INFO 16756 --- [           main] o.hibernate.annotations.common.Version   : HCANN000001: Hibernate Commons Annotations {5.0.1.Final}
2017-03-07 16:00:55.557  INFO 16756 --- [           main] org.hibernate.dialect.Dialect            : HHH000400: Using dialect: org.hibernate.dialect.MySQL5Dialect
2017-03-07 16:00:56.335  INFO 16756 --- [           main] org.hibernate.tool.hbm2ddl.SchemaUpdate  : HHH000228: Running hbm2ddl schema update
2017-03-07 16:00:56.402  INFO 16756 --- [           main] rmationExtractorJdbcDatabaseMetaDataImpl : HHH000262: Table not found: manager
2017-03-07 16:00:56.404  INFO 16756 --- [           main] rmationExtractorJdbcDatabaseMetaDataImpl : HHH000262: Table not found: manager
2017-03-07 16:00:57.957  INFO 16756 --- [           main] j.LocalContainerEntityManagerFactoryBean : Initialized JPA EntityManagerFactory for persistence unit 'default'
2017-03-07 16:00:59.014  INFO 16756 --- [           main] s.w.s.m.m.a.RequestMappingHandlerAdapter : Looking for @ControllerAdvice: org.springframework.boot.context.embedded.AnnotationConfigEmbeddedWebApplicationContext@7c1812b3: startup date [Tue Mar 07 16:00:52 IST 2017]; root of context hierarchy
2017-03-07 16:00:59.099  INFO 16756 --- [           main] s.w.s.m.m.a.RequestMappingHandlerMapping : Mapped "{[/admin/org/{orgId}],methods=[GET]}" onto public com.softcell.adminservice.domain.Organization com.softcell.adminservice.controller.OrganizationController.getOrganization(java.lang.Long)
2017-03-07 16:00:59.119  INFO 16756 --- [           main] s.w.s.m.m.a.RequestMappingHandlerMapping : Mapped "{[/admin/org],methods=[POST]}" onto public org.springframework.http.HttpStatus com.softcell.adminservice.controller.OrganizationController.createOrganization(com.softcell.adminservice.domain.Organization)
2017-03-07 16:00:59.122  INFO 16756 --- [           main] s.w.s.m.m.a.RequestMappingHandlerMapping : Mapped "{[/admin/org/{orgId}],methods=[PUT]}" onto public org.springframework.http.HttpStatus com.softcell.adminservice.controller.OrganizationController.updateOrganization(java.lang.Long,com.softcell.adminservice.domain.Organization)
2017-03-07 16:00:59.133  INFO 16756 --- [           main] s.w.s.m.m.a.RequestMappingHandlerMapping : Mapped "{[/error]}" onto public org.springframework.http.ResponseEntity<java.util.Map<java.lang.String, java.lang.Object>> org.springframework.boot.autoconfigure.web.BasicErrorController.error(javax.servlet.http.HttpServletRequest)
2017-03-07 16:00:59.140  INFO 16756 --- [           main] s.w.s.m.m.a.RequestMappingHandlerMapping : Mapped "{[/error],produces=[text/html]}" onto public org.springframework.web.servlet.ModelAndView org.springframework.boot.autoconfigure.web.BasicErrorController.errorHtml(javax.servlet.http.HttpServletRequest,javax.servlet.http.HttpServletResponse)
2017-03-07 16:00:59.274  INFO 16756 --- [           main] o.s.w.s.handler.SimpleUrlHandlerMapping  : Mapped URL path [/webjars/**] onto handler of type [class org.springframework.web.servlet.resource.ResourceHttpRequestHandler]
2017-03-07 16:00:59.275  INFO 16756 --- [           main] o.s.w.s.handler.SimpleUrlHandlerMapping  : Mapped URL path [/**] onto handler of type [class org.springframework.web.servlet.resource.ResourceHttpRequestHandler]
2017-03-07 16:00:59.434  INFO 16756 --- [           main] o.s.w.s.handler.SimpleUrlHandlerMapping  : Mapped URL path [/**/favicon.ico] onto handler of type [class org.springframework.web.servlet.resource.ResourceHttpRequestHandler]
2017-03-07 16:01:00.563  INFO 16756 --- [           main] s.b.c.e.t.TomcatEmbeddedServletContainer : Tomcat started on port(s): 63270 (http)
2017-03-07 16:01:00.571  INFO 16756 --- [           main] .i.OrganizationControllerIntegrationTest : Started OrganizationControllerIntegrationTest in 7.994 seconds (JVM running for 16.57)
]]></system-out>
    <system-err><![CDATA[Tue Mar 07 16:00:54 IST 2017 WARN: Establishing SSL connection without server's identity verification is not recommended. According to MySQL 5.5.45+, 5.6.26+ and 5.7.6+ requirements SSL connection must be established by default if explicit option isn't set. For compliance with existing applications not using SSL the verifyServerCertificate property is set to 'false'. You need either to explicitly disable SSL by setting useSSL=false, or set useSSL=true and provide truststore for server certificate verification.
Tue Mar 07 16:00:54 IST 2017 WARN: Establishing SSL connection without server's identity verification is not recommended. According to MySQL 5.5.45+, 5.6.26+ and 5.7.6+ requirements SSL connection must be established by default if explicit option isn't set. For compliance with existing applications not using SSL the verifyServerCertificate property is set to 'false'. You need either to explicitly disable SSL by setting useSSL=false, or set useSSL=true and provide truststore for server certificate verification.
Tue Mar 07 16:00:54 IST 2017 WARN: Establishing SSL connection without server's identity verification is not recommended. According to MySQL 5.5.45+, 5.6.26+ and 5.7.6+ requirements SSL connection must be established by default if explicit option isn't set. For compliance with existing applications not using SSL the verifyServerCertificate property is set to 'false'. You need either to explicitly disable SSL by setting useSSL=false, or set useSSL=true and provide truststore for server certificate verification.
Tue Mar 07 16:00:54 IST 2017 WARN: Establishing SSL connection without server's identity verification is not recommended. According to MySQL 5.5.45+, 5.6.26+ and 5.7.6+ requirements SSL connection must be established by default if explicit option isn't set. For compliance with existing applications not using SSL the verifyServerCertificate property is set to 'false'. You need either to explicitly disable SSL by setting useSSL=false, or set useSSL=true and provide truststore for server certificate verification.
Tue Mar 07 16:00:55 IST 2017 WARN: Establishing SSL connection without server's identity verification is not recommended. According to MySQL 5.5.45+, 5.6.26+ and 5.7.6+ requirements SSL connection must be established by default if explicit option isn't set. For compliance with existing applications not using SSL the verifyServerCertificate property is set to 'false'. You need either to explicitly disable SSL by setting useSSL=false, or set useSSL=true and provide truststore for server certificate verification.
Tue Mar 07 16:00:55 IST 2017 WARN: Establishing SSL connection without server's identity verification is not recommended. According to MySQL 5.5.45+, 5.6.26+ and 5.7.6+ requirements SSL connection must be established by default if explicit option isn't set. For compliance with existing applications not using SSL the verifyServerCertificate property is set to 'false'. You need either to explicitly disable SSL by setting useSSL=false, or set useSSL=true and provide truststore for server certificate verification.
Tue Mar 07 16:00:55 IST 2017 WARN: Establishing SSL connection without server's identity verification is not recommended. According to MySQL 5.5.45+, 5.6.26+ and 5.7.6+ requirements SSL connection must be established by default if explicit option isn't set. For compliance with existing applications not using SSL the verifyServerCertificate property is set to 'false'. You need either to explicitly disable SSL by setting useSSL=false, or set useSSL=true and provide truststore for server certificate verification.
Tue Mar 07 16:00:55 IST 2017 WARN: Establishing SSL connection without server's identity verification is not recommended. According to MySQL 5.5.45+, 5.6.26+ and 5.7.6+ requirements SSL connection must be established by default if explicit option isn't set. For compliance with existing applications not using SSL the verifyServerCertificate property is set to 'false'. You need either to explicitly disable SSL by setting useSSL=false, or set useSSL=true and provide truststore for server certificate verification.
Tue Mar 07 16:00:55 IST 2017 WARN: Establishing SSL connection without server's identity verification is not recommended. According to MySQL 5.5.45+, 5.6.26+ and 5.7.6+ requirements SSL connection must be established by default if explicit option isn't set. For compliance with existing applications not using SSL the verifyServerCertificate property is set to 'false'. You need either to explicitly disable SSL by setting useSSL=false, or set useSSL=true and provide truststore for server certificate verification.
Tue Mar 07 16:00:55 IST 2017 WARN: Establishing SSL connection without server's identity verification is not recommended. According to MySQL 5.5.45+, 5.6.26+ and 5.7.6+ requirements SSL connection must be established by default if explicit option isn't set. For compliance with existing applications not using SSL the verifyServerCertificate property is set to 'false'. You need either to explicitly disable SSL by setting useSSL=false, or set useSSL=true and provide truststore for server certificate verification.
]]></system-err>
  </testcase>
</testsuite>