<?xml version="1.0" encoding="UTF-8"?>
<testsuite name="com.softcell.adminservice.controller.OrganizationControllerTest" time="0.383" tests="1" errors="0" skipped="0" failures="1">
  <properties>
[...]
</properties>
  <testcase name="testGetOrganization" classname="com.softcell.adminservice.controller.OrganizationControllerTest" time="0.383">
    <failure message="No value at JSON path &quot;$.id&quot;, exception: No results for path: $[&apos;id&apos;]" type="java.lang.AssertionError">java.lang.AssertionError: No value at JSON path "$.id", exception: No results for path: $['id']
	at org.springframework.test.util.JsonPathExpectationsHelper.evaluateJsonPath(JsonPathExpectationsHelper.java:245)
	at org.springframework.test.util.JsonPathExpectationsHelper.assertValue(JsonPathExpectationsHelper.java:99)
	at org.springframework.test.web.servlet.result.JsonPathResultMatchers$2.match(JsonPathResultMatchers.java:99)
	at org.springframework.test.web.servlet.MockMvc$1.andExpect(MockMvc.java:171)
	at com.softcell.adminservice.controller.OrganizationControllerTest.testGetOrganization(OrganizationControllerTest.java:43)
</failure>
    <system-out><![CDATA[16:00:45.578 [main] DEBUG org.springframework.test.context.junit4.SpringJUnit4ClassRunner - SpringJUnit4ClassRunner constructor called with [class com.softcell.adminservice.controller.OrganizationControllerTest]
16:00:45.629 [main] DEBUG org.springframework.test.context.BootstrapUtils - Instantiating CacheAwareContextLoaderDelegate from class [org.springframework.test.context.cache.DefaultCacheAwareContextLoaderDelegate]
16:00:45.657 [main] DEBUG org.springframework.test.context.BootstrapUtils - Instantiating BootstrapContext using constructor [public org.springframework.test.context.support.DefaultBootstrapContext(java.lang.Class,org.springframework.test.context.CacheAwareContextLoaderDelegate)]
16:00:45.709 [main] DEBUG org.springframework.test.context.BootstrapUtils - Instantiating TestContextBootstrapper for test class [com.softcell.adminservice.controller.OrganizationControllerTest] from class [org.springframework.boot.test.autoconfigure.web.servlet.WebMvcTestContextBootstrapper]
16:00:45.817 [main] INFO org.springframework.boot.test.autoconfigure.web.servlet.WebMvcTestContextBootstrapper - Neither @ContextConfiguration nor @ContextHierarchy found for test class [com.softcell.adminservice.controller.OrganizationControllerTest], using SpringBootContextLoader
16:00:45.837 [main] DEBUG org.springframework.test.context.support.AbstractContextLoader - Did not detect default resource location for test class [com.softcell.adminservice.controller.OrganizationControllerTest]: class path resource [com/softcell/adminservice/controller/OrganizationControllerTest-context.xml] does not exist
16:00:45.839 [main] DEBUG org.springframework.test.context.support.AbstractContextLoader - Did not detect default resource location for test class [com.softcell.adminservice.controller.OrganizationControllerTest]: class path resource [com/softcell/adminservice/controller/OrganizationControllerTestContext.groovy] does not exist
16:00:45.840 [main] INFO org.springframework.test.context.support.AbstractContextLoader - Could not detect default resource locations for test class [com.softcell.adminservice.controller.OrganizationControllerTest]: no resource found for suffixes {-context.xml, Context.groovy}.
16:00:45.843 [main] INFO org.springframework.test.context.support.AnnotationConfigContextLoaderUtils - Could not detect default configuration classes for test class [com.softcell.adminservice.controller.OrganizationControllerTest]: OrganizationControllerTest does not declare any static, non-private, non-final, nested classes annotated with @Configuration.
16:00:46.210 [main] DEBUG org.springframework.test.context.support.ActiveProfilesUtils - Could not find an 'annotation declaring class' for annotation type [org.springframework.test.context.ActiveProfiles] and class [com.softcell.adminservice.controller.OrganizationControllerTest]
16:00:46.236 [main] DEBUG org.springframework.core.env.StandardEnvironment - Adding [systemProperties] PropertySource with lowest search precedence
16:00:46.237 [main] DEBUG org.springframework.core.env.StandardEnvironment - Adding [systemEnvironment] PropertySource with lowest search precedence
16:00:46.238 [main] DEBUG org.springframework.core.env.StandardEnvironment - Initialized StandardEnvironment with PropertySources [systemProperties,systemEnvironment]
16:00:46.273 [main] DEBUG org.springframework.core.io.support.PathMatchingResourcePatternResolver - Resolved classpath location [com/softcell/adminservice/controller/] to resources [URL [file:/C:/Users/Yogita/git/admin-service/admin-service/target/test-classes/com/softcell/adminservice/controller/], URL [file:/C:/Users/Yogita/git/admin-service/admin-service/target/classes/com/softcell/adminservice/controller/]]
16:00:46.275 [main] DEBUG org.springframework.core.io.support.PathMatchingResourcePatternResolver - Looking for matching resources in directory tree [C:\Users\Yogita\git\admin-service\admin-service\target\test-classes\com\softcell\adminservice\controller]
16:00:46.278 [main] DEBUG org.springframework.core.io.support.PathMatchingResourcePatternResolver - Searching directory [C:\Users\Yogita\git\admin-service\admin-service\target\test-classes\com\softcell\adminservice\controller] for files matching pattern [C:/Users/Yogita/git/admin-service/admin-service/target/test-classes/com/softcell/adminservice/controller/*.class]
16:00:46.291 [main] DEBUG org.springframework.core.io.support.PathMatchingResourcePatternResolver - Looking for matching resources in directory tree [C:\Users\Yogita\git\admin-service\admin-service\target\classes\com\softcell\adminservice\controller]
16:00:46.293 [main] DEBUG org.springframework.core.io.support.PathMatchingResourcePatternResolver - Searching directory [C:\Users\Yogita\git\admin-service\admin-service\target\classes\com\softcell\adminservice\controller] for files matching pattern [C:/Users/Yogita/git/admin-service/admin-service/target/classes/com/softcell/adminservice/controller/*.class]
16:00:46.295 [main] DEBUG org.springframework.core.io.support.PathMatchingResourcePatternResolver - Resolved location pattern [classpath*:com/softcell/adminservice/controller/*.class] to resources [file [C:\Users\Yogita\git\admin-service\admin-service\target\test-classes\com\softcell\adminservice\controller\OrganizationControllerTest.class], file [C:\Users\Yogita\git\admin-service\admin-service\target\classes\com\softcell\adminservice\controller\OrganizationController.class]]
16:00:46.394 [main] DEBUG org.springframework.core.io.support.PathMatchingResourcePatternResolver - Resolved classpath location [com/softcell/adminservice/] to resources [URL [file:/C:/Users/Yogita/git/admin-service/admin-service/target/test-classes/com/softcell/adminservice/], URL [file:/C:/Users/Yogita/git/admin-service/admin-service/target/classes/com/softcell/adminservice/]]
16:00:46.395 [main] DEBUG org.springframework.core.io.support.PathMatchingResourcePatternResolver - Looking for matching resources in directory tree [C:\Users\Yogita\git\admin-service\admin-service\target\test-classes\com\softcell\adminservice]
16:00:46.397 [main] DEBUG org.springframework.core.io.support.PathMatchingResourcePatternResolver - Searching directory [C:\Users\Yogita\git\admin-service\admin-service\target\test-classes\com\softcell\adminservice] for files matching pattern [C:/Users/Yogita/git/admin-service/admin-service/target/test-classes/com/softcell/adminservice/*.class]
16:00:46.403 [main] DEBUG org.springframework.core.io.support.PathMatchingResourcePatternResolver - Looking for matching resources in directory tree [C:\Users\Yogita\git\admin-service\admin-service\target\classes\com\softcell\adminservice]
16:00:46.404 [main] DEBUG org.springframework.core.io.support.PathMatchingResourcePatternResolver - Searching directory [C:\Users\Yogita\git\admin-service\admin-service\target\classes\com\softcell\adminservice] for files matching pattern [C:/Users/Yogita/git/admin-service/admin-service/target/classes/com/softcell/adminservice/*.class]
16:00:46.410 [main] DEBUG org.springframework.core.io.support.PathMatchingResourcePatternResolver - Resolved location pattern [classpath*:com/softcell/adminservice/*.class] to resources [file [C:\Users\Yogita\git\admin-service\admin-service\target\classes\com\softcell\adminservice\StartAdminService.class]]
16:00:46.486 [main] DEBUG org.springframework.context.annotation.ClassPathScanningCandidateComponentProvider - Identified candidate component class: file [C:\Users\Yogita\git\admin-service\admin-service\target\classes\com\softcell\adminservice\StartAdminService.class]
16:00:46.491 [main] INFO org.springframework.boot.test.context.SpringBootTestContextBootstrapper - Found @SpringBootConfiguration com.softcell.adminservice.StartAdminService for test class com.softcell.adminservice.controller.OrganizationControllerTest
16:00:46.531 [main] DEBUG org.springframework.boot.test.autoconfigure.web.servlet.WebMvcTestContextBootstrapper - @TestExecutionListeners is not present for class [com.softcell.adminservice.controller.OrganizationControllerTest]: using defaults.
16:00:46.561 [main] INFO org.springframework.boot.test.autoconfigure.web.servlet.WebMvcTestContextBootstrapper - Loaded default TestExecutionListener class names from location [META-INF/spring.factories]: [org.springframework.boot.test.mock.mockito.MockitoTestExecutionListener, org.springframework.boot.test.mock.mockito.ResetMocksTestExecutionListener, org.springframework.boot.test.autoconfigure.restdocs.RestDocsTestExecutionListener, org.springframework.boot.test.autoconfigure.web.client.MockRestServiceServerResetTestExecutionListener, org.springframework.boot.test.autoconfigure.web.servlet.MockMvcPrintOnlyOnFailureTestExecutionListener, org.springframework.boot.test.autoconfigure.web.servlet.WebDriverTestExecutionListener, org.springframework.test.context.web.ServletTestExecutionListener, org.springframework.test.context.support.DirtiesContextBeforeModesTestExecutionListener, org.springframework.test.context.support.DependencyInjectionTestExecutionListener, org.springframework.test.context.support.DirtiesContextTestExecutionListener, org.springframework.test.context.transaction.TransactionalTestExecutionListener, org.springframework.test.context.jdbc.SqlScriptsTestExecutionListener]
16:00:46.675 [main] INFO org.springframework.boot.test.autoconfigure.web.servlet.WebMvcTestContextBootstrapper - Using TestExecutionListeners: [org.springframework.test.context.web.ServletTestExecutionListener@6193932a, org.springframework.test.context.support.DirtiesContextBeforeModesTestExecutionListener@647fd8ce, org.springframework.boot.test.autoconfigure.SpringBootDependencyInjectionTestExecutionListener@159f197, org.springframework.test.context.support.DirtiesContextTestExecutionListener@78aab498, org.springframework.test.context.transaction.TransactionalTestExecutionListener@5dd6264, org.springframework.test.context.jdbc.SqlScriptsTestExecutionListener@1ffe63b9, org.springframework.boot.test.mock.mockito.MockitoTestExecutionListener@51e5fc98, org.springframework.boot.test.mock.mockito.ResetMocksTestExecutionListener@7c469c48, org.springframework.boot.test.autoconfigure.restdocs.RestDocsTestExecutionListener@12e61fe6, org.springframework.boot.test.autoconfigure.web.servlet.MockMvcPrintOnlyOnFailureTestExecutionListener@7ee955a8, org.springframework.boot.test.autoconfigure.web.client.MockRestServiceServerResetTestExecutionListener@1677d1, org.springframework.boot.test.autoconfigure.web.servlet.WebDriverTestExecutionListener@48fa0f47]
16:00:46.680 [main] DEBUG org.springframework.test.context.junit4.SpringJUnit4ClassRunner - SpringJUnit4ClassRunner constructor called with [class com.softcell.adminservice.integration.OrganizationControllerIntegrationTest]
16:00:46.681 [main] DEBUG org.springframework.test.context.BootstrapUtils - Instantiating CacheAwareContextLoaderDelegate from class [org.springframework.test.context.cache.DefaultCacheAwareContextLoaderDelegate]
16:00:46.683 [main] DEBUG org.springframework.test.context.BootstrapUtils - Instantiating BootstrapContext using constructor [public org.springframework.test.context.support.DefaultBootstrapContext(java.lang.Class,org.springframework.test.context.CacheAwareContextLoaderDelegate)]
16:00:46.690 [main] DEBUG org.springframework.test.context.BootstrapUtils - Instantiating TestContextBootstrapper for test class [com.softcell.adminservice.integration.OrganizationControllerIntegrationTest] from class [org.springframework.boot.test.context.SpringBootTestContextBootstrapper]
16:00:46.693 [main] INFO org.springframework.boot.test.context.SpringBootTestContextBootstrapper - Neither @ContextConfiguration nor @ContextHierarchy found for test class [com.softcell.adminservice.integration.OrganizationControllerIntegrationTest], using SpringBootContextLoader
16:00:46.696 [main] DEBUG org.springframework.test.context.support.AbstractContextLoader - Did not detect default resource location for test class [com.softcell.adminservice.integration.OrganizationControllerIntegrationTest]: class path resource [com/softcell/adminservice/integration/OrganizationControllerIntegrationTest-context.xml] does not exist
16:00:46.698 [main] DEBUG org.springframework.test.context.support.AbstractContextLoader - Did not detect default resource location for test class [com.softcell.adminservice.integration.OrganizationControllerIntegrationTest]: class path resource [com/softcell/adminservice/integration/OrganizationControllerIntegrationTestContext.groovy] does not exist
16:00:46.699 [main] INFO org.springframework.test.context.support.AbstractContextLoader - Could not detect default resource locations for test class [com.softcell.adminservice.integration.OrganizationControllerIntegrationTest]: no resource found for suffixes {-context.xml, Context.groovy}.
16:00:46.700 [main] INFO org.springframework.test.context.support.AnnotationConfigContextLoaderUtils - Could not detect default configuration classes for test class [com.softcell.adminservice.integration.OrganizationControllerIntegrationTest]: OrganizationControllerIntegrationTest does not declare any static, non-private, non-final, nested classes annotated with @Configuration.
16:00:46.722 [main] DEBUG org.springframework.test.context.support.ActiveProfilesUtils - Could not find an 'annotation declaring class' for annotation type [org.springframework.test.context.ActiveProfiles] and class [com.softcell.adminservice.integration.OrganizationControllerIntegrationTest]
16:00:46.726 [main] DEBUG org.springframework.core.env.StandardEnvironment - Adding [systemProperties] PropertySource with lowest search precedence
16:00:46.727 [main] DEBUG org.springframework.core.env.StandardEnvironment - Adding [systemEnvironment] PropertySource with lowest search precedence
16:00:46.728 [main] DEBUG org.springframework.core.env.StandardEnvironment - Initialized StandardEnvironment with PropertySources [systemProperties,systemEnvironment]
16:00:46.731 [main] DEBUG org.springframework.core.io.support.PathMatchingResourcePatternResolver - Resolved classpath location [com/softcell/adminservice/integration/] to resources [URL [file:/C:/Users/Yogita/git/admin-service/admin-service/target/test-classes/com/softcell/adminservice/integration/]]
16:00:46.732 [main] DEBUG org.springframework.core.io.support.PathMatchingResourcePatternResolver - Looking for matching resources in directory tree [C:\Users\Yogita\git\admin-service\admin-service\target\test-classes\com\softcell\adminservice\integration]
16:00:46.737 [main] DEBUG org.springframework.core.io.support.PathMatchingResourcePatternResolver - Searching directory [C:\Users\Yogita\git\admin-service\admin-service\target\test-classes\com\softcell\adminservice\integration] for files matching pattern [C:/Users/Yogita/git/admin-service/admin-service/target/test-classes/com/softcell/adminservice/integration/*.class]
16:00:46.741 [main] DEBUG org.springframework.core.io.support.PathMatchingResourcePatternResolver - Resolved location pattern [classpath*:com/softcell/adminservice/integration/*.class] to resources [file [C:\Users\Yogita\git\admin-service\admin-service\target\test-classes\com\softcell\adminservice\integration\OrganizationControllerIntegrationTest.class]]
16:00:46.748 [main] DEBUG org.springframework.core.io.support.PathMatchingResourcePatternResolver - Resolved classpath location [com/softcell/adminservice/] to resources [URL [file:/C:/Users/Yogita/git/admin-service/admin-service/target/test-classes/com/softcell/adminservice/], URL [file:/C:/Users/Yogita/git/admin-service/admin-service/target/classes/com/softcell/adminservice/]]
16:00:46.748 [main] DEBUG org.springframework.core.io.support.PathMatchingResourcePatternResolver - Looking for matching resources in directory tree [C:\Users\Yogita\git\admin-service\admin-service\target\test-classes\com\softcell\adminservice]
16:00:46.750 [main] DEBUG org.springframework.core.io.support.PathMatchingResourcePatternResolver - Searching directory [C:\Users\Yogita\git\admin-service\admin-service\target\test-classes\com\softcell\adminservice] for files matching pattern [C:/Users/Yogita/git/admin-service/admin-service/target/test-classes/com/softcell/adminservice/*.class]
16:00:46.758 [main] DEBUG org.springframework.core.io.support.PathMatchingResourcePatternResolver - Looking for matching resources in directory tree [C:\Users\Yogita\git\admin-service\admin-service\target\classes\com\softcell\adminservice]
16:00:46.760 [main] DEBUG org.springframework.core.io.support.PathMatchingResourcePatternResolver - Searching directory [C:\Users\Yogita\git\admin-service\admin-service\target\classes\com\softcell\adminservice] for files matching pattern [C:/Users/Yogita/git/admin-service/admin-service/target/classes/com/softcell/adminservice/*.class]
16:00:46.765 [main] DEBUG org.springframework.core.io.support.PathMatchingResourcePatternResolver - Resolved location pattern [classpath*:com/softcell/adminservice/*.class] to resources [file [C:\Users\Yogita\git\admin-service\admin-service\target\classes\com\softcell\adminservice\StartAdminService.class]]
16:00:46.771 [main] DEBUG org.springframework.context.annotation.ClassPathScanningCandidateComponentProvider - Identified candidate component class: file [C:\Users\Yogita\git\admin-service\admin-service\target\classes\com\softcell\adminservice\StartAdminService.class]
16:00:46.772 [main] INFO org.springframework.boot.test.context.SpringBootTestContextBootstrapper - Found @SpringBootConfiguration com.softcell.adminservice.StartAdminService for test class com.softcell.adminservice.integration.OrganizationControllerIntegrationTest
16:00:46.778 [main] DEBUG org.springframework.boot.test.context.SpringBootTestContextBootstrapper - @TestExecutionListeners is not present for class [com.softcell.adminservice.integration.OrganizationControllerIntegrationTest]: using defaults.
16:00:46.789 [main] INFO org.springframework.boot.test.context.SpringBootTestContextBootstrapper - Loaded default TestExecutionListener class names from location [META-INF/spring.factories]: [org.springframework.boot.test.mock.mockito.MockitoTestExecutionListener, org.springframework.boot.test.mock.mockito.ResetMocksTestExecutionListener, org.springframework.boot.test.autoconfigure.restdocs.RestDocsTestExecutionListener, org.springframework.boot.test.autoconfigure.web.client.MockRestServiceServerResetTestExecutionListener, org.springframework.boot.test.autoconfigure.web.servlet.MockMvcPrintOnlyOnFailureTestExecutionListener, org.springframework.boot.test.autoconfigure.web.servlet.WebDriverTestExecutionListener, org.springframework.test.context.web.ServletTestExecutionListener, org.springframework.test.context.support.DirtiesContextBeforeModesTestExecutionListener, org.springframework.test.context.support.DependencyInjectionTestExecutionListener, org.springframework.test.context.support.DirtiesContextTestExecutionListener, org.springframework.test.context.transaction.TransactionalTestExecutionListener, org.springframework.test.context.jdbc.SqlScriptsTestExecutionListener]
16:00:46.803 [main] INFO org.springframework.boot.test.context.SpringBootTestContextBootstrapper - Using TestExecutionListeners: [org.springframework.test.context.web.ServletTestExecutionListener@3c419631, org.springframework.test.context.support.DirtiesContextBeforeModesTestExecutionListener@418e7838, org.springframework.boot.test.autoconfigure.SpringBootDependencyInjectionTestExecutionListener@61230f6a, org.springframework.test.context.support.DirtiesContextTestExecutionListener@3c130745, org.springframework.test.context.transaction.TransactionalTestExecutionListener@cd3fee8, org.springframework.test.context.jdbc.SqlScriptsTestExecutionListener@3e2e18f2, org.springframework.boot.test.mock.mockito.MockitoTestExecutionListener@470f1802, org.springframework.boot.test.mock.mockito.ResetMocksTestExecutionListener@63021689, org.springframework.boot.test.autoconfigure.restdocs.RestDocsTestExecutionListener@703580bf, org.springframework.boot.test.autoconfigure.web.servlet.MockMvcPrintOnlyOnFailureTestExecutionListener@3e92efc3, org.springframework.boot.test.autoconfigure.web.client.MockRestServiceServerResetTestExecutionListener@1622f1b, org.springframework.boot.test.autoconfigure.web.servlet.WebDriverTestExecutionListener@72a7c7e0]
16:00:46.828 [main] DEBUG org.springframework.test.annotation.ProfileValueUtils - Retrieved @ProfileValueSourceConfiguration [null] for test class [com.softcell.adminservice.controller.OrganizationControllerTest]
16:00:46.833 [main] DEBUG org.springframework.test.annotation.ProfileValueUtils - Retrieved ProfileValueSource type [class org.springframework.test.annotation.SystemProfileValueSource] for class [com.softcell.adminservice.controller.OrganizationControllerTest]
16:00:46.841 [main] DEBUG org.springframework.test.annotation.ProfileValueUtils - Retrieved @ProfileValueSourceConfiguration [null] for test class [com.softcell.adminservice.integration.OrganizationControllerIntegrationTest]
16:00:46.842 [main] DEBUG org.springframework.test.annotation.ProfileValueUtils - Retrieved ProfileValueSource type [class org.springframework.test.annotation.SystemProfileValueSource] for class [com.softcell.adminservice.integration.OrganizationControllerIntegrationTest]
16:00:46.888 [main] DEBUG org.springframework.test.context.junit4.SpringJUnit4ClassRunner - SpringJUnit4ClassRunner constructor called with [class com.softcell.adminservice.controller.OrganizationControllerTest]
16:00:46.890 [main] DEBUG org.springframework.test.context.BootstrapUtils - Instantiating CacheAwareContextLoaderDelegate from class [org.springframework.test.context.cache.DefaultCacheAwareContextLoaderDelegate]
16:00:46.894 [main] DEBUG org.springframework.test.context.BootstrapUtils - Instantiating BootstrapContext using constructor [public org.springframework.test.context.support.DefaultBootstrapContext(java.lang.Class,org.springframework.test.context.CacheAwareContextLoaderDelegate)]
16:00:46.924 [main] DEBUG org.springframework.test.context.BootstrapUtils - Instantiating TestContextBootstrapper for test class [com.softcell.adminservice.controller.OrganizationControllerTest] from class [org.springframework.boot.test.autoconfigure.web.servlet.WebMvcTestContextBootstrapper]
16:00:46.928 [main] INFO org.springframework.boot.test.autoconfigure.web.servlet.WebMvcTestContextBootstrapper - Neither @ContextConfiguration nor @ContextHierarchy found for test class [com.softcell.adminservice.controller.OrganizationControllerTest], using SpringBootContextLoader
16:00:46.933 [main] DEBUG org.springframework.test.context.support.AbstractContextLoader - Did not detect default resource location for test class [com.softcell.adminservice.controller.OrganizationControllerTest]: class path resource [com/softcell/adminservice/controller/OrganizationControllerTest-context.xml] does not exist
16:00:46.938 [main] DEBUG org.springframework.test.context.support.AbstractContextLoader - Did not detect default resource location for test class [com.softcell.adminservice.controller.OrganizationControllerTest]: class path resource [com/softcell/adminservice/controller/OrganizationControllerTestContext.groovy] does not exist
16:00:46.942 [main] INFO org.springframework.test.context.support.AbstractContextLoader - Could not detect default resource locations for test class [com.softcell.adminservice.controller.OrganizationControllerTest]: no resource found for suffixes {-context.xml, Context.groovy}.
16:00:46.944 [main] INFO org.springframework.test.context.support.AnnotationConfigContextLoaderUtils - Could not detect default configuration classes for test class [com.softcell.adminservice.controller.OrganizationControllerTest]: OrganizationControllerTest does not declare any static, non-private, non-final, nested classes annotated with @Configuration.
16:00:47.064 [main] DEBUG org.springframework.test.context.support.ActiveProfilesUtils - Could not find an 'annotation declaring class' for annotation type [org.springframework.test.context.ActiveProfiles] and class [com.softcell.adminservice.controller.OrganizationControllerTest]
16:00:47.065 [main] DEBUG org.springframework.core.env.StandardEnvironment - Adding [systemProperties] PropertySource with lowest search precedence
16:00:47.066 [main] DEBUG org.springframework.core.env.StandardEnvironment - Adding [systemEnvironment] PropertySource with lowest search precedence
16:00:47.068 [main] DEBUG org.springframework.core.env.StandardEnvironment - Initialized StandardEnvironment with PropertySources [systemProperties,systemEnvironment]
16:00:47.069 [main] INFO org.springframework.boot.test.context.SpringBootTestContextBootstrapper - Found @SpringBootConfiguration com.softcell.adminservice.StartAdminService for test class com.softcell.adminservice.controller.OrganizationControllerTest
16:00:47.077 [main] DEBUG org.springframework.boot.test.autoconfigure.web.servlet.WebMvcTestContextBootstrapper - @TestExecutionListeners is not present for class [com.softcell.adminservice.controller.OrganizationControllerTest]: using defaults.
16:00:47.090 [main] INFO org.springframework.boot.test.autoconfigure.web.servlet.WebMvcTestContextBootstrapper - Loaded default TestExecutionListener class names from location [META-INF/spring.factories]: [org.springframework.boot.test.mock.mockito.MockitoTestExecutionListener, org.springframework.boot.test.mock.mockito.ResetMocksTestExecutionListener, org.springframework.boot.test.autoconfigure.restdocs.RestDocsTestExecutionListener, org.springframework.boot.test.autoconfigure.web.client.MockRestServiceServerResetTestExecutionListener, org.springframework.boot.test.autoconfigure.web.servlet.MockMvcPrintOnlyOnFailureTestExecutionListener, org.springframework.boot.test.autoconfigure.web.servlet.WebDriverTestExecutionListener, org.springframework.test.context.web.ServletTestExecutionListener, org.springframework.test.context.support.DirtiesContextBeforeModesTestExecutionListener, org.springframework.test.context.support.DependencyInjectionTestExecutionListener, org.springframework.test.context.support.DirtiesContextTestExecutionListener, org.springframework.test.context.transaction.TransactionalTestExecutionListener, org.springframework.test.context.jdbc.SqlScriptsTestExecutionListener]
16:00:47.150 [main] INFO org.springframework.boot.test.autoconfigure.web.servlet.WebMvcTestContextBootstrapper - Using TestExecutionListeners: [org.springframework.test.context.web.ServletTestExecutionListener@5c5eefef, org.springframework.test.context.support.DirtiesContextBeforeModesTestExecutionListener@16293aa2, org.springframework.boot.test.autoconfigure.SpringBootDependencyInjectionTestExecutionListener@5158b42f, org.springframework.test.context.support.DirtiesContextTestExecutionListener@595b007d, org.springframework.test.context.transaction.TransactionalTestExecutionListener@72d1ad2e, org.springframework.test.context.jdbc.SqlScriptsTestExecutionListener@2d7275fc, org.springframework.boot.test.mock.mockito.MockitoTestExecutionListener@399f45b1, org.springframework.boot.test.mock.mockito.ResetMocksTestExecutionListener@38c6f217, org.springframework.boot.test.autoconfigure.restdocs.RestDocsTestExecutionListener@478190fc, org.springframework.boot.test.autoconfigure.web.servlet.MockMvcPrintOnlyOnFailureTestExecutionListener@79e2c065, org.springframework.boot.test.autoconfigure.web.client.MockRestServiceServerResetTestExecutionListener@3a93b025, org.springframework.boot.test.autoconfigure.web.servlet.WebDriverTestExecutionListener@35cabb2a]
16:00:47.160 [main] DEBUG org.springframework.test.annotation.ProfileValueUtils - Retrieved @ProfileValueSourceConfiguration [null] for test class [com.softcell.adminservice.controller.OrganizationControllerTest]
16:00:47.164 [main] DEBUG org.springframework.test.annotation.ProfileValueUtils - Retrieved ProfileValueSource type [class org.springframework.test.annotation.SystemProfileValueSource] for class [com.softcell.adminservice.controller.OrganizationControllerTest]
16:00:47.169 [main] DEBUG org.springframework.test.annotation.ProfileValueUtils - Retrieved @ProfileValueSourceConfiguration [null] for test class [com.softcell.adminservice.controller.OrganizationControllerTest]
16:00:47.173 [main] DEBUG org.springframework.test.annotation.ProfileValueUtils - Retrieved ProfileValueSource type [class org.springframework.test.annotation.SystemProfileValueSource] for class [com.softcell.adminservice.controller.OrganizationControllerTest]
16:00:47.187 [main] DEBUG org.springframework.test.context.support.AbstractDirtiesContextTestExecutionListener - Before test class: context [DefaultTestContext@223d2c72 testClass = OrganizationControllerTest, testInstance = [null], testMethod = [null], testException = [null], mergedContextConfiguration = [WebMergedContextConfiguration@8f4ea7c testClass = OrganizationControllerTest, locations = '{}', classes = '{class com.softcell.adminservice.StartAdminService}', contextInitializerClasses = '[]', activeProfiles = '{}', propertySourceLocations = '{}', propertySourceProperties = '{org.springframework.boot.test.autoconfigure.web.servlet.WebMvcTestContextBootstrapper=true}', contextCustomizers = set[[ImportsContextCustomizer@436813f3 key = [org.springframework.boot.autoconfigure.cache.CacheAutoConfiguration, org.springframework.boot.autoconfigure.context.MessageSourceAutoConfiguration, org.springframework.boot.autoconfigure.freemarker.FreeMarkerAutoConfiguration, org.springframework.boot.autoconfigure.groovy.template.GroovyTemplateAutoConfiguration, org.springframework.boot.autoconfigure.gson.GsonAutoConfiguration, org.springframework.boot.autoconfigure.hateoas.HypermediaAutoConfiguration, org.springframework.boot.autoconfigure.jackson.JacksonAutoConfiguration, org.springframework.boot.autoconfigure.mustache.MustacheAutoConfiguration, org.springframework.boot.autoconfigure.thymeleaf.ThymeleafAutoConfiguration, org.springframework.boot.autoconfigure.validation.ValidationAutoConfiguration, org.springframework.boot.autoconfigure.web.ErrorMvcAutoConfiguration, org.springframework.boot.autoconfigure.web.HttpMessageConvertersAutoConfiguration, org.springframework.boot.autoconfigure.web.ServerPropertiesAutoConfiguration, org.springframework.boot.autoconfigure.web.WebMvcAutoConfiguration, org.springframework.boot.test.autoconfigure.web.servlet.MockMvcAutoConfiguration, org.springframework.boot.test.autoconfigure.web.servlet.MockMvcSecurityAutoConfiguration, org.springframework.boot.test.autoconfigure.web.servlet.MockMvcWebClientAutoConfiguration, org.springframework.boot.test.autoconfigure.web.servlet.MockMvcWebDriverAutoConfiguration, Package Import com.softcell.adminservice.controller]], org.springframework.boot.test.context.filter.ExcludeFilterContextCustomizer@b3d7190, org.springframework.boot.test.mock.mockito.MockitoContextCustomizer@5bc9c35b, org.springframework.boot.test.autoconfigure.OverrideAutoConfigurationContextCustomizerFactory$DisableAutoConfigurationContextCustomizer@17baae6e, org.springframework.boot.test.autoconfigure.filter.TypeExcludeFiltersContextCustomizer@d4c6848b, org.springframework.boot.test.autoconfigure.properties.PropertyMappingContextCustomizer@cc2c9b0f, org.springframework.boot.test.autoconfigure.web.servlet.WebDriverContextCustomizerFactory$Customizer@33cb5951], resourceBasePath = '', contextLoader = 'org.springframework.boot.test.context.SpringBootContextLoader', parent = [null]]], class annotated with @DirtiesContext [false] with mode [null].
16:00:47.197 [main] DEBUG org.springframework.test.annotation.ProfileValueUtils - Retrieved @ProfileValueSourceConfiguration [null] for test class [com.softcell.adminservice.controller.OrganizationControllerTest]
16:00:47.201 [main] DEBUG org.springframework.test.annotation.ProfileValueUtils - Retrieved ProfileValueSource type [class org.springframework.test.annotation.SystemProfileValueSource] for class [com.softcell.adminservice.controller.OrganizationControllerTest]
16:00:47.214 [main] DEBUG org.springframework.test.context.support.DependencyInjectionTestExecutionListener - Performing dependency injection for test context [[DefaultTestContext@223d2c72 testClass = OrganizationControllerTest, testInstance = com.softcell.adminservice.controller.OrganizationControllerTest@2b662a77, testMethod = [null], testException = [null], mergedContextConfiguration = [WebMergedContextConfiguration@8f4ea7c testClass = OrganizationControllerTest, locations = '{}', classes = '{class com.softcell.adminservice.StartAdminService}', contextInitializerClasses = '[]', activeProfiles = '{}', propertySourceLocations = '{}', propertySourceProperties = '{org.springframework.boot.test.autoconfigure.web.servlet.WebMvcTestContextBootstrapper=true}', contextCustomizers = set[[ImportsContextCustomizer@436813f3 key = [org.springframework.boot.autoconfigure.cache.CacheAutoConfiguration, org.springframework.boot.autoconfigure.context.MessageSourceAutoConfiguration, org.springframework.boot.autoconfigure.freemarker.FreeMarkerAutoConfiguration, org.springframework.boot.autoconfigure.groovy.template.GroovyTemplateAutoConfiguration, org.springframework.boot.autoconfigure.gson.GsonAutoConfiguration, org.springframework.boot.autoconfigure.hateoas.HypermediaAutoConfiguration, org.springframework.boot.autoconfigure.jackson.JacksonAutoConfiguration, org.springframework.boot.autoconfigure.mustache.MustacheAutoConfiguration, org.springframework.boot.autoconfigure.thymeleaf.ThymeleafAutoConfiguration, org.springframework.boot.autoconfigure.validation.ValidationAutoConfiguration, org.springframework.boot.autoconfigure.web.ErrorMvcAutoConfiguration, org.springframework.boot.autoconfigure.web.HttpMessageConvertersAutoConfiguration, org.springframework.boot.autoconfigure.web.ServerPropertiesAutoConfiguration, org.springframework.boot.autoconfigure.web.WebMvcAutoConfiguration, org.springframework.boot.test.autoconfigure.web.servlet.MockMvcAutoConfiguration, org.springframework.boot.test.autoconfigure.web.servlet.MockMvcSecurityAutoConfiguration, org.springframework.boot.test.autoconfigure.web.servlet.MockMvcWebClientAutoConfiguration, org.springframework.boot.test.autoconfigure.web.servlet.MockMvcWebDriverAutoConfiguration, Package Import com.softcell.adminservice.controller]], org.springframework.boot.test.context.filter.ExcludeFilterContextCustomizer@b3d7190, org.springframework.boot.test.mock.mockito.MockitoContextCustomizer@5bc9c35b, org.springframework.boot.test.autoconfigure.OverrideAutoConfigurationContextCustomizerFactory$DisableAutoConfigurationContextCustomizer@17baae6e, org.springframework.boot.test.autoconfigure.filter.TypeExcludeFiltersContextCustomizer@d4c6848b, org.springframework.boot.test.autoconfigure.properties.PropertyMappingContextCustomizer@cc2c9b0f, org.springframework.boot.test.autoconfigure.web.servlet.WebDriverContextCustomizerFactory$Customizer@33cb5951], resourceBasePath = '', contextLoader = 'org.springframework.boot.test.context.SpringBootContextLoader', parent = [null]]]].
16:00:47.547 [main] DEBUG org.springframework.core.env.StandardEnvironment - Adding [systemProperties] PropertySource with lowest search precedence
16:00:47.548 [main] DEBUG org.springframework.core.env.StandardEnvironment - Adding [systemEnvironment] PropertySource with lowest search precedence
16:00:47.551 [main] DEBUG org.springframework.core.env.StandardEnvironment - Initialized StandardEnvironment with PropertySources [systemProperties,systemEnvironment]
16:00:47.555 [main] DEBUG org.springframework.core.env.MutablePropertySources - Adding [inline] PropertySource with highest search precedence
16:00:47.580 [main] DEBUG org.springframework.test.context.support.TestPropertySourceUtils - Adding inlined properties to environment: {spring.jmx.enabled=false, org.springframework.boot.test.autoconfigure.web.servlet.WebMvcTestContextBootstrapper=true, server.port=-1}
16:00:47.582 [main] DEBUG org.springframework.core.env.StandardEnvironment - Adding [Inlined Test Properties] PropertySource with highest search precedence

  .   ____          _            __ _ _
 /\\ / ___'_ __ _ _(_)_ __  __ _ \ \ \ \
( ( )\___ | '_ | '_| | '_ \/ _` | \ \ \ \
 \\/  ___)| |_)| | | | | || (_| |  ) ) ) )
  '  |____| .__|_| |_|_| |_\__, | / / / /
 =========|_|==============|___/=/_/_/_/
 :: Spring Boot ::        (v1.5.1.RELEASE)

2017-03-07 16:00:48.746  INFO 16756 --- [           main] c.s.a.c.OrganizationControllerTest       : Starting OrganizationControllerTest on Yogita-PC with PID 16756 (started by Yogita in C:\Users\Yogita\git\admin-service\admin-service)
2017-03-07 16:00:48.749  INFO 16756 --- [           main] c.s.a.c.OrganizationControllerTest       : No active profile set, falling back to default profiles: default
2017-03-07 16:00:48.827  INFO 16756 --- [           main] o.s.w.c.s.GenericWebApplicationContext   : Refreshing org.springframework.web.context.support.GenericWebApplicationContext@6f204a1a: startup date [Tue Mar 07 16:00:48 IST 2017]; root of context hierarchy
2017-03-07 16:00:51.039  INFO 16756 --- [           main] trationDelegate$BeanPostProcessorChecker : Bean 'org.springframework.boot.autoconfigure.validation.ValidationAutoConfiguration' of type [class org.springframework.boot.autoconfigure.validation.ValidationAutoConfiguration] is not eligible for getting processed by all BeanPostProcessors (for example: not eligible for auto-proxying)
2017-03-07 16:00:51.189  INFO 16756 --- [           main] trationDelegate$BeanPostProcessorChecker : Bean 'validator' of type [class org.springframework.validation.beanvalidation.LocalValidatorFactoryBean] is not eligible for getting processed by all BeanPostProcessors (for example: not eligible for auto-proxying)
2017-03-07 16:00:51.671  INFO 16756 --- [           main] s.w.s.m.m.a.RequestMappingHandlerAdapter : Looking for @ControllerAdvice: org.springframework.web.context.support.GenericWebApplicationContext@6f204a1a: startup date [Tue Mar 07 16:00:48 IST 2017]; root of context hierarchy
2017-03-07 16:00:51.741  INFO 16756 --- [           main] s.w.s.m.m.a.RequestMappingHandlerMapping : Mapped "{[/admin/org/{orgId}],methods=[GET]}" onto public com.softcell.adminservice.domain.Organization com.softcell.adminservice.controller.OrganizationController.getOrganization(java.lang.Long)
2017-03-07 16:00:51.742  INFO 16756 --- [           main] s.w.s.m.m.a.RequestMappingHandlerMapping : Mapped "{[/admin/org],methods=[POST]}" onto public org.springframework.http.HttpStatus com.softcell.adminservice.controller.OrganizationController.createOrganization(com.softcell.adminservice.domain.Organization)
2017-03-07 16:00:51.743  INFO 16756 --- [           main] s.w.s.m.m.a.RequestMappingHandlerMapping : Mapped "{[/admin/org/{orgId}],methods=[PUT]}" onto public org.springframework.http.HttpStatus com.softcell.adminservice.controller.OrganizationController.updateOrganization(java.lang.Long,com.softcell.adminservice.domain.Organization)
2017-03-07 16:00:51.748  INFO 16756 --- [           main] s.w.s.m.m.a.RequestMappingHandlerMapping : Mapped "{[/error]}" onto public org.springframework.http.ResponseEntity<java.util.Map<java.lang.String, java.lang.Object>> org.springframework.boot.autoconfigure.web.BasicErrorController.error(javax.servlet.http.HttpServletRequest)
2017-03-07 16:00:51.751  INFO 16756 --- [           main] s.w.s.m.m.a.RequestMappingHandlerMapping : Mapped "{[/error],produces=[text/html]}" onto public org.springframework.web.servlet.ModelAndView org.springframework.boot.autoconfigure.web.BasicErrorController.errorHtml(javax.servlet.http.HttpServletRequest,javax.servlet.http.HttpServletResponse)
2017-03-07 16:00:51.812  INFO 16756 --- [           main] o.s.w.s.handler.SimpleUrlHandlerMapping  : Mapped URL path [/webjars/**] onto handler of type [class org.springframework.web.servlet.resource.ResourceHttpRequestHandler]
2017-03-07 16:00:51.812  INFO 16756 --- [           main] o.s.w.s.handler.SimpleUrlHandlerMapping  : Mapped URL path [/**] onto handler of type [class org.springframework.web.servlet.resource.ResourceHttpRequestHandler]
2017-03-07 16:00:51.870  INFO 16756 --- [           main] o.s.w.s.handler.SimpleUrlHandlerMapping  : Mapped URL path [/**/favicon.ico] onto handler of type [class org.springframework.web.servlet.resource.ResourceHttpRequestHandler]
2017-03-07 16:00:52.067  INFO 16756 --- [           main] o.s.b.t.m.w.SpringBootMockServletContext : Initializing Spring FrameworkServlet ''
2017-03-07 16:00:52.067  INFO 16756 --- [           main] o.s.t.web.servlet.TestDispatcherServlet  : FrameworkServlet '': initialization started
2017-03-07 16:00:52.080  INFO 16756 --- [           main] o.s.t.web.servlet.TestDispatcherServlet  : FrameworkServlet '': initialization completed in 13 ms
2017-03-07 16:00:52.157  INFO 16756 --- [           main] c.s.a.c.OrganizationControllerTest       : Started OrganizationControllerTest in 4.533 seconds (JVM running for 8.156)

MockHttpServletRequest:
      HTTP Method = GET
      Request URI = /admin/org/12345
       Parameters = {}
          Headers = {}

Handler:
             Type = com.softcell.adminservice.controller.OrganizationController
           Method = public com.softcell.adminservice.domain.Organization com.softcell.adminservice.controller.OrganizationController.getOrganization(java.lang.Long)

Async:
    Async started = false
     Async result = null

Resolved Exception:
             Type = null

ModelAndView:
        View name = null
             View = null
            Model = null

FlashMap:
       Attributes = null

MockHttpServletResponse:
           Status = 200
    Error message = null
          Headers = {Content-Type=[application/json;charset=UTF-8]}
     Content type = application/json;charset=UTF-8
             Body = {"orgId":12345,"name":"SBI","orgContactDetails":null,"managers":null}
    Forwarded URL = null
   Redirected URL = null
          Cookies = []
]]></system-out>
  </testcase>
</testsuite>